[2025-10-20T17:07:26+00:00] tg_send fail: Couldn't connect to server http=0
[2025-10-20T17:19:35+00:00] tg_send fail:  http=403
[2025-10-20T18:50:14+00:00] tg_send fail: Operation timed out after 10002 milliseconds with 0 bytes received http=0
[2025-10-21T23:52:05+00:00] tg_send fail:  http=403
[2025-10-23T03:53:46+00:00] tg_send fail: Couldn't connect to server http=0
[2025-10-23T03:53:56+00:00] tg_send fail: Resolving timed out after 10001 milliseconds http=0
[2025-10-23T03:54:31+00:00] tg_send fail: Couldn't connect to server http=0
[2025-10-23T03:55:41+00:00] tg_send fail:  http=403
[2025-10-23T03:56:12+00:00] tg_send fail: Resolving timed out after 10001 milliseconds http=0
[2025-10-23T03:58:17+00:00] tg_send fail: Resolving timed out after 10001 milliseconds http=0
[2025-10-23T04:00:11+00:00] tg_send fail: Couldn't connect to server http=0
[2025-10-23T04:00:52+00:00] tg_send fail: Couldn't connect to server http=0
[2025-10-23T04:01:42+00:00] tg_send fail: Couldn't connect to server http=0
[2025-10-23T04:05:35+00:00] tg_send fail: Resolving timed out after 10001 milliseconds http=0
[2025-10-23T04:05:42+00:00] tg_send fail: Resolving timed out after 10001 milliseconds http=0
[2025-10-23T04:07:17+00:00] tg_send fail: Resolving timed out after 10001 milliseconds http=0
[2025-10-23T04:11:39+00:00] tg_send fail: Resolving timed out after 10001 milliseconds http=0
[2025-10-23T04:22:40+00:00] tg_send fail: Resolving timed out after 10001 milliseconds http=0
[2025-10-26T05:17:15+00:00] tg_send fail:  http=403
[2025-10-26T13:20:30+00:00] tg_send fail:  http=403
[2025-10-26T13:22:07+00:00] tg_send fail:  http=429
[2025-10-26T13:22:07+00:00] tg_send fail:  http=429
[2025-10-26T13:22:10+00:00] tg_send fail:  http=429
[2025-10-26T13:22:10+00:00] tg_send fail:  http=429
[2025-10-26T13:22:13+00:00] tg_send fail:  http=429
[2025-10-26T13:22:22+00:00] tg_send fail:  http=429
[2025-10-26T13:22:22+00:00] tg_send fail:  http=429
[2025-10-26T13:22:24+00:00] tg_send fail:  http=429
[2025-10-26T13:23:26+00:00] tg_send fail:  http=429
[2025-10-26T13:23:26+00:00] tg_send fail:  http=429
[2025-10-27T01:21:50+00:00] tg_send fail:  http=403
[2025-10-28T00:28:31+00:00] tg_send fail:  http=403
[2025-10-31T09:04:31+00:00] tg_send fail:  http=429
[2025-10-31T11:44:49+00:00] tg_send fail:  http=403
[2025-10-31T12:41:46+00:00] tg_send fail:  http=403
[2025-11-07T04:59:24+00:00] tg_send fail:  http=429
[2025-11-10T09:02:13+00:00] tg_send fail:  http=403
[2025-11-25T15:34:14+00:00] tg_send fail:  http=429
[2025-11-25T15:34:14+00:00] tg_send fail:  http=429
[2025-11-25T15:34:14+00:00] tg_send fail:  http=429
[2025-11-25T15:34:14+00:00] tg_send fail:  http=429
[2025-11-25T15:34:15+00:00] tg_send fail:  http=429
[2025-11-25T15:34:17+00:00] tg_send fail:  http=429
[2025-11-25T15:34:18+00:00] tg_send fail:  http=429
[2025-11-25T15:34:19+00:00] tg_send fail:  http=429
[2025-11-25T15:34:31+00:00] tg_send fail:  http=429
[2025-11-25T15:34:32+00:00] tg_send fail: Operation timed out after 10001 milliseconds with 0 out of 0 bytes received http=0
[2025-11-25T15:34:33+00:00] tg_send fail:  http=429
[2025-11-25T15:34:34+00:00] tg_send fail: Operation timed out after 10001 milliseconds with 0 out of 0 bytes received http=0
[2025-11-25T15:34:39+00:00] tg_send fail:  http=429
[2025-11-25T15:34:39+00:00] tg_send fail:  http=429
[2025-11-25T15:34:39+00:00] tg_send fail:  http=429
[2025-11-25T15:35:40+00:00] tg_send fail: Operation timed out after 10001 milliseconds with 0 out of 0 bytes received http=0
[2025-11-25T15:35:43+00:00] tg_send fail: Operation timed out after 10001 milliseconds with 0 out of 0 bytes received http=0
[2025-11-25T15:36:48+00:00] tg_send fail: Operation timed out after 10001 milliseconds with 0 out of 0 bytes received http=0
[2025-11-25T15:38:39+00:00] tg_send fail: Operation timed out after 10001 milliseconds with 0 out of 0 bytes received http=0
[2025-11-25T15:38:52+00:00] tg_send fail: Operation timed out after 10001 milliseconds with 0 out of 0 bytes received http=0
[2025-11-26T10:40:17+00:00] tg_send fail: Operation timed out after 10001 milliseconds with 0 bytes received http=0
[2025-11-26T10:41:05+00:00] tg_send fail: Operation timed out after 10001 milliseconds with 0 out of 0 bytes received http=0
[2025-11-26T10:43:31+00:00] tg_send fail: Operation timed out after 10001 milliseconds with 0 out of 0 bytes received http=0
[2025-11-26T10:46:30+00:00] tg_send fail: Operation timed out after 10000 milliseconds with 0 out of 0 bytes received http=0
